<?xml version="1.0" encoding="UTF-8"?>
<!-- Generated by org.testng.reporters.JUnitReportReporter -->
<testsuite hostname="Rohan" failures="0" tests="1" name="testPackage.ActiTimeValidLogin" time="14.936" errors="0" timestamp="2022-03-03T12:16:29 IST" skipped="0">
  <testcase classname="testPackage.ActiTimeValidLogin" name="login" time="14.936"/>
  <system-out/>
</testsuite> <!-- testPackage.ActiTimeValidLogin -->
