<?xml version="1.0" encoding="UTF-8"?>
<!-- Generated by org.testng.reporters.JUnitReportReporter -->
<testsuite hostname="Rohan" failures="0" tests="1" name="testActiTimeMaven.BaseTest1" time="0.006" errors="0" timestamp="2022-03-02T21:09:54 IST" skipped="0">
  <testcase classname="testActiTimeMaven.BaseTest1" name="failed" time="0.006"/>
  <system-out/>
</testsuite> <!-- testActiTimeMaven.BaseTest1 -->
